==45061== Memcheck, a memory error detector
==45061== Copyright (C) 2002-2017, and GNU GPL'd, by Julian Seward et al.
==45061== Using Valgrind-3.17.0 and LibVEX; rerun with -h for copyright info
==45061== Command: ./game
==45061== Parent PID: 45060
==45061== 
==45061== 
==45061== HEAP SUMMARY:
==45061==     in use at exit: 219,682 bytes in 2,844 blocks
==45061==   total heap usage: 243,574 allocs, 240,730 frees, 69,150,953 bytes allocated
==45061== 
==45061== 128 bytes in 1 blocks are possibly lost in loss record 2,144 of 2,182
==45061==    at 0x4843839: malloc (in /usr/libexec/valgrind/vgpreload_memcheck-amd64-linux.so)
==45061==    by 0x5CA7F44: ??? (in /usr/lib/x86_64-linux-gnu/dri/vmwgfx_dri.so)
==45061==    by 0x5CA9B17: ??? (in /usr/lib/x86_64-linux-gnu/dri/vmwgfx_dri.so)
==45061==    by 0x5CB4EF1: ??? (in /usr/lib/x86_64-linux-gnu/dri/vmwgfx_dri.so)
==45061==    by 0x5CB665B: ??? (in /usr/lib/x86_64-linux-gnu/dri/vmwgfx_dri.so)
==45061==    by 0x616C564: ??? (in /usr/lib/x86_64-linux-gnu/dri/vmwgfx_dri.so)
==45061==    by 0x59F20FB: ???
==45061==    by 0x59D4B48: ???
==45061==    by 0x59D5333: ???
==45061==    by 0x59D56F2: ???
==45061==    by 0x4887491: ??? (in /usr/lib/x86_64-linux-gnu/libglfw.so.3.3)
==45061==    by 0x4887DC1: ??? (in /usr/lib/x86_64-linux-gnu/libglfw.so.3.3)
==45061== 
==45061== 176 bytes in 1 blocks are possibly lost in loss record 2,152 of 2,182
==45061==    at 0x4843839: malloc (in /usr/libexec/valgrind/vgpreload_memcheck-amd64-linux.so)
==45061==    by 0x5CA7F44: ??? (in /usr/lib/x86_64-linux-gnu/dri/vmwgfx_dri.so)
==45061==    by 0x5CA9B70: ??? (in /usr/lib/x86_64-linux-gnu/dri/vmwgfx_dri.so)
==45061==    by 0x5CB4EF1: ??? (in /usr/lib/x86_64-linux-gnu/dri/vmwgfx_dri.so)
==45061==    by 0x5CB665B: ??? (in /usr/lib/x86_64-linux-gnu/dri/vmwgfx_dri.so)
==45061==    by 0x616C564: ??? (in /usr/lib/x86_64-linux-gnu/dri/vmwgfx_dri.so)
==45061==    by 0x59F20FB: ???
==45061==    by 0x59D4B48: ???
==45061==    by 0x59D5333: ???
==45061==    by 0x59D56F2: ???
==45061==    by 0x4887491: ??? (in /usr/lib/x86_64-linux-gnu/libglfw.so.3.3)
==45061==    by 0x4887DC1: ??? (in /usr/lib/x86_64-linux-gnu/libglfw.so.3.3)
==45061== 
==45061== LEAK SUMMARY:
==45061==    definitely lost: 0 bytes in 0 blocks
==45061==    indirectly lost: 0 bytes in 0 blocks
==45061==      possibly lost: 304 bytes in 2 blocks
==45061==    still reachable: 219,378 bytes in 2,842 blocks
==45061==         suppressed: 0 bytes in 0 blocks
==45061== Reachable blocks (those to which a pointer was found) are not shown.
==45061== To see them, rerun with: --leak-check=full --show-leak-kinds=all
==45061== 
==45061== For lists of detected and suppressed errors, rerun with: -s
==45061== ERROR SUMMARY: 2 errors from 2 contexts (suppressed: 0 from 0)

sudo valgrind --leak-check=full --log-file="./valgrind.out" ./game